<?xml version="1.0" encoding="UTF-8"?>
<testng-results ignored="0" total="1" passed="1" failed="0" skipped="0">
  <reporter-output>
  </reporter-output>
  <suite started-at="2024-09-25T19:03:33 IST" name="Default suite" finished-at="2024-09-25T19:03:34 IST" duration-ms="931">
    <groups>
    </groups>
    <test started-at="2024-09-25T19:03:33 IST" name="Default test" finished-at="2024-09-25T19:03:34 IST" duration-ms="931">
      <class name="SumValidation">
        <test-method signature="sumOfCourses()[pri:0, instance:SumValidation@4b0d79fc]" started-at="2024-09-25T19:03:33 IST" name="sumOfCourses" finished-at="2024-09-25T19:03:34 IST" duration-ms="897" status="PASS">
          <reporter-output>
          </reporter-output>
        </test-method> <!-- sumOfCourses -->
      </class> <!-- SumValidation -->
    </test> <!-- Default test -->
  </suite> <!-- Default suite -->
</testng-results>
